<?xml version="1.0" encoding="UTF-8" ?>
<testsuite tests="2" failures="1" name="Maps.GoogleMapsTest" time="93.527" errors="0" skipped="0">
  <properties>
[...]
</properties>
  <testcase classname="Maps.GoogleMapsTest" name="QAAgile" time="26.302">
    <failure message="did not expect to find [true] but found [false]" type="java.lang.AssertionError">java.lang.AssertionError: did not expect to find [true] but found [false]
	at org.testng.Assert.fail(Assert.java:97)
	at org.testng.Assert.failNotEquals(Assert.java:969)
	at org.testng.Assert.assertTrue(Assert.java:43)
	at org.testng.Assert.assertTrue(Assert.java:53)
	at Maps.GoogleMapsTest.QAAgile(GoogleMapsTest.java:112)
</failure>
    <system-out>Configuring TestNG with: org.apache.maven.surefire.testng.conf.TestNG652Configurator@5f8ed237
Size of the logo-height &amp; Width are:188 70
Visibility of twitter button:
Twitter button is displayed
Footer text:QAAgility Technologies © 2020. All Rights Reserved
Verifying of footer contains text: &apos;QAAgility Technologies Pvt. Ltd. ? 2020. All Rights Reserved.?&apos;
</system-out>
    <system-err>Starting ChromeDriver 84.0.4147.30 (48b3e868b4cc0aa7e8149519690b6f6949e110a8-refs/branch-heads/4147@{#310}) on port 1294
Only local connections are allowed.
Please see https://chromedriver.chromium.org/security-considerations for suggestions on keeping ChromeDriver safe.
ChromeDriver was started successfully.
[1601813220.867][WARNING]: This version of ChromeDriver has not been tested with Chrome version 85.
Oct 04, 2020 5:37:02 PM org.openqa.selenium.remote.ProtocolHandshake createSession
INFO: Detected dialect: W3C
</system-err>
  </testcase>
  <testcase classname="Maps.GoogleMapsTest" name="test" time="67.225"/>
</testsuite>